cl : 命令行 warning D9025: 正在重写“/sdl”(用“/GS-”)
  main.cpp
C:\Users\mikumifa\source\repos\homework_数据结构\homework_数据结构\main.cpp(69,9): warning C4996: 'scanf': This function or variable may be unsafe. Consider using scanf_s instead. To disable deprecation, use _CRT_SECURE_NO_WARNINGS. See online help for details.
C:\Users\mikumifa\source\repos\homework_数据结构\homework_数据结构\main.cpp(87,7): warning C4996: 'fopen': This function or variable may be unsafe. Consider using fopen_s instead. To disable deprecation, use _CRT_SECURE_NO_WARNINGS. See online help for details.
C:\Users\mikumifa\source\repos\homework_数据结构\homework_数据结构\main.cpp(88,8): warning C4996: 'fopen': This function or variable may be unsafe. Consider using fopen_s instead. To disable deprecation, use _CRT_SECURE_NO_WARNINGS. See online help for details.
C:\Users\mikumifa\source\repos\homework_数据结构\homework_数据结构\main.cpp(92,2): warning C4996: 'scanf': This function or variable may be unsafe. Consider using scanf_s instead. To disable deprecation, use _CRT_SECURE_NO_WARNINGS. See online help for details.
C:\Users\mikumifa\source\repos\homework_数据结构\homework_数据结构\main.cpp(97,3): warning C4996: 'scanf': This function or variable may be unsafe. Consider using scanf_s instead. To disable deprecation, use _CRT_SECURE_NO_WARNINGS. See online help for details.
C:\Users\mikumifa\source\repos\homework_数据结构\homework_数据结构\main.cpp(99,3): warning C4996: 'scanf': This function or variable may be unsafe. Consider using scanf_s instead. To disable deprecation, use _CRT_SECURE_NO_WARNINGS. See online help for details.
C:\Users\mikumifa\source\repos\homework_数据结构\homework_数据结构\main.cpp(101,7): warning C4996: 'scanf': This function or variable may be unsafe. Consider using scanf_s instead. To disable deprecation, use _CRT_SECURE_NO_WARNINGS. See online help for details.
C:\Users\mikumifa\source\repos\homework_数据结构\homework_数据结构\main.cpp(106,8): warning C4996: 'scanf': This function or variable may be unsafe. Consider using scanf_s instead. To disable deprecation, use _CRT_SECURE_NO_WARNINGS. See online help for details.
C:\Users\mikumifa\source\repos\homework_数据结构\homework_数据结构\main.cpp(115,8): warning C4996: 'scanf': This function or variable may be unsafe. Consider using scanf_s instead. To disable deprecation, use _CRT_SECURE_NO_WARNINGS. See online help for details.
C:\Users\mikumifa\source\repos\homework_数据结构\homework_数据结构\main.cpp(120,9): warning C4996: 'scanf': This function or variable may be unsafe. Consider using scanf_s instead. To disable deprecation, use _CRT_SECURE_NO_WARNINGS. See online help for details.
C:\Users\mikumifa\source\repos\homework_数据结构\homework_数据结构\main.cpp(129,7): warning C4996: 'scanf': This function or variable may be unsafe. Consider using scanf_s instead. To disable deprecation, use _CRT_SECURE_NO_WARNINGS. See online help for details.
C:\Users\mikumifa\source\repos\homework_数据结构\homework_数据结构\main.cpp(134,8): warning C4996: 'scanf': This function or variable may be unsafe. Consider using scanf_s instead. To disable deprecation, use _CRT_SECURE_NO_WARNINGS. See online help for details.
C:\Users\mikumifa\source\repos\homework_数据结构\homework_数据结构\main.cpp(143,8): warning C4996: 'scanf': This function or variable may be unsafe. Consider using scanf_s instead. To disable deprecation, use _CRT_SECURE_NO_WARNINGS. See online help for details.
C:\Users\mikumifa\source\repos\homework_数据结构\homework_数据结构\main.cpp(148,9): warning C4996: 'scanf': This function or variable may be unsafe. Consider using scanf_s instead. To disable deprecation, use _CRT_SECURE_NO_WARNINGS. See online help for details.
C:\Users\mikumifa\source\repos\homework_数据结构\homework_数据结构\main.cpp(157,3): warning C4996: 'scanf': This function or variable may be unsafe. Consider using scanf_s instead. To disable deprecation, use _CRT_SECURE_NO_WARNINGS. See online help for details.
C:\Users\mikumifa\source\repos\homework_数据结构\homework_数据结构\main.cpp(159,3): warning C4996: 'scanf': This function or variable may be unsafe. Consider using scanf_s instead. To disable deprecation, use _CRT_SECURE_NO_WARNINGS. See online help for details.
C:\Users\mikumifa\source\repos\homework_数据结构\homework_数据结构\main.cpp(181,9): warning C4996: 'scanf': This function or variable may be unsafe. Consider using scanf_s instead. To disable deprecation, use _CRT_SECURE_NO_WARNINGS. See online help for details.
C:\Users\mikumifa\source\repos\homework_数据结构\homework_数据结构\main.cpp(197,12): warning C4101: “n”: 未引用的局部变量
C:\Users\mikumifa\source\repos\homework_数据结构\homework_数据结构\main.cpp(231,12): warning C4101: “n”: 未引用的局部变量
C:\Users\mikumifa\source\repos\homework_数据结构\homework_数据结构\main.cpp(269,8): warning C4996: 'fopen': This function or variable may be unsafe. Consider using fopen_s instead. To disable deprecation, use _CRT_SECURE_NO_WARNINGS. See online help for details.
C:\Users\mikumifa\source\repos\homework_数据结构\homework_数据结构\main.cpp(266,12): warning C4101: “n”: 未引用的局部变量
C:\Users\mikumifa\source\repos\homework_数据结构\homework_数据结构\main.cpp(312,8): warning C4996: 'fopen': This function or variable may be unsafe. Consider using fopen_s instead. To disable deprecation, use _CRT_SECURE_NO_WARNINGS. See online help for details.
C:\Users\mikumifa\source\repos\homework_数据结构\homework_数据结构\main.cpp(309,12): warning C4101: “n”: 未引用的局部变量
C:\Users\mikumifa\source\repos\homework_数据结构\homework_数据结构\main.cpp(355,7): warning C4996: 'fopen': This function or variable may be unsafe. Consider using fopen_s instead. To disable deprecation, use _CRT_SECURE_NO_WARNINGS. See online help for details.
C:\Users\mikumifa\source\repos\homework_数据结构\homework_数据结构\main.cpp(388,7): warning C4996: 'fopen': This function or variable may be unsafe. Consider using fopen_s instead. To disable deprecation, use _CRT_SECURE_NO_WARNINGS. See online help for details.
C:\Users\mikumifa\source\repos\homework_数据结构\homework_数据结构\main.cpp(418,7): warning C4996: 'fopen': This function or variable may be unsafe. Consider using fopen_s instead. To disable deprecation, use _CRT_SECURE_NO_WARNINGS. See online help for details.
C:\Users\mikumifa\source\repos\homework_数据结构\homework_数据结构\main.cpp(435,7): warning C4996: 'fopen': This function or variable may be unsafe. Consider using fopen_s instead. To disable deprecation, use _CRT_SECURE_NO_WARNINGS. See online help for details.
C:\Users\mikumifa\source\repos\homework_数据结构\homework_数据结构\main.cpp(452,7): warning C4996: 'fopen': This function or variable may be unsafe. Consider using fopen_s instead. To disable deprecation, use _CRT_SECURE_NO_WARNINGS. See online help for details.
C:\Users\mikumifa\source\repos\homework_数据结构\homework_数据结构\main.cpp(469,7): warning C4996: 'fopen': This function or variable may be unsafe. Consider using fopen_s instead. To disable deprecation, use _CRT_SECURE_NO_WARNINGS. See online help for details.
C:\Users\mikumifa\source\repos\homework_数据结构\homework_数据结构\main.cpp(493,9): warning C4996: 'fopen': This function or variable may be unsafe. Consider using fopen_s instead. To disable deprecation, use _CRT_SECURE_NO_WARNINGS. See online help for details.
C:\Users\mikumifa\source\repos\homework_数据结构\homework_数据结构\main.cpp(499,8): warning C4996: 'fopen': This function or variable may be unsafe. Consider using fopen_s instead. To disable deprecation, use _CRT_SECURE_NO_WARNINGS. See online help for details.
C:\Users\mikumifa\source\repos\homework_数据结构\homework_数据结构\main.cpp(503,3): warning C4996: 'scanf': This function or variable may be unsafe. Consider using scanf_s instead. To disable deprecation, use _CRT_SECURE_NO_WARNINGS. See online help for details.
C:\Users\mikumifa\source\repos\homework_数据结构\homework_数据结构\main.cpp(505,3): warning C4996: 'scanf': This function or variable may be unsafe. Consider using scanf_s instead. To disable deprecation, use _CRT_SECURE_NO_WARNINGS. See online help for details.
C:\Users\mikumifa\source\repos\homework_数据结构\homework_数据结构\main.cpp(507,3): warning C4996: 'scanf': This function or variable may be unsafe. Consider using scanf_s instead. To disable deprecation, use _CRT_SECURE_NO_WARNINGS. See online help for details.
C:\Users\mikumifa\source\repos\homework_数据结构\homework_数据结构\main.cpp(509,3): warning C4996: 'scanf': This function or variable may be unsafe. Consider using scanf_s instead. To disable deprecation, use _CRT_SECURE_NO_WARNINGS. See online help for details.
C:\Users\mikumifa\source\repos\homework_数据结构\homework_数据结构\main.cpp(511,3): warning C4996: 'scanf': This function or variable may be unsafe. Consider using scanf_s instead. To disable deprecation, use _CRT_SECURE_NO_WARNINGS. See online help for details.
C:\Users\mikumifa\source\repos\homework_数据结构\homework_数据结构\main.cpp(513,3): warning C4996: 'scanf': This function or variable may be unsafe. Consider using scanf_s instead. To disable deprecation, use _CRT_SECURE_NO_WARNINGS. See online help for details.
C:\Users\mikumifa\source\repos\homework_数据结构\homework_数据结构\main.cpp(488,13): warning C4101: “j”: 未引用的局部变量
C:\Users\mikumifa\source\repos\homework_数据结构\homework_数据结构\main.cpp(539,8): warning C4996: 'fopen': This function or variable may be unsafe. Consider using fopen_s instead. To disable deprecation, use _CRT_SECURE_NO_WARNINGS. See online help for details.
C:\Users\mikumifa\source\repos\homework_数据结构\homework_数据结构\main.cpp(550,9): warning C4996: 'fopen': This function or variable may be unsafe. Consider using fopen_s instead. To disable deprecation, use _CRT_SECURE_NO_WARNINGS. See online help for details.
C:\Users\mikumifa\source\repos\homework_数据结构\homework_数据结构\main.cpp(557,3): warning C4996: 'scanf': This function or variable may be unsafe. Consider using scanf_s instead. To disable deprecation, use _CRT_SECURE_NO_WARNINGS. See online help for details.
C:\Users\mikumifa\source\repos\homework_数据结构\homework_数据结构\main.cpp(559,3): warning C4996: 'scanf': This function or variable may be unsafe. Consider using scanf_s instead. To disable deprecation, use _CRT_SECURE_NO_WARNINGS. See online help for details.
C:\Users\mikumifa\source\repos\homework_数据结构\homework_数据结构\main.cpp(561,3): warning C4996: 'scanf': This function or variable may be unsafe. Consider using scanf_s instead. To disable deprecation, use _CRT_SECURE_NO_WARNINGS. See online help for details.
C:\Users\mikumifa\source\repos\homework_数据结构\homework_数据结构\main.cpp(563,3): warning C4996: 'scanf': This function or variable may be unsafe. Consider using scanf_s instead. To disable deprecation, use _CRT_SECURE_NO_WARNINGS. See online help for details.
C:\Users\mikumifa\source\repos\homework_数据结构\homework_数据结构\main.cpp(565,3): warning C4996: 'scanf': This function or variable may be unsafe. Consider using scanf_s instead. To disable deprecation, use _CRT_SECURE_NO_WARNINGS. See online help for details.
C:\Users\mikumifa\source\repos\homework_数据结构\homework_数据结构\main.cpp(567,3): warning C4996: 'scanf': This function or variable may be unsafe. Consider using scanf_s instead. To disable deprecation, use _CRT_SECURE_NO_WARNINGS. See online help for details.
C:\Users\mikumifa\source\repos\homework_数据结构\homework_数据结构\main.cpp(598,4): warning C4996: 'fopen': This function or variable may be unsafe. Consider using fopen_s instead. To disable deprecation, use _CRT_SECURE_NO_WARNINGS. See online help for details.
C:\Users\mikumifa\source\repos\homework_数据结构\homework_数据结构\main.cpp(530,18): warning C4101: “j”: 未引用的局部变量
C:\Users\mikumifa\source\repos\homework_数据结构\homework_数据结构\main.cpp(630,2): warning C4996: 'scanf': This function or variable may be unsafe. Consider using scanf_s instead. To disable deprecation, use _CRT_SECURE_NO_WARNINGS. See online help for details.
C:\Users\mikumifa\source\repos\homework_数据结构\homework_数据结构\main.cpp(635,3): warning C4996: 'scanf': This function or variable may be unsafe. Consider using scanf_s instead. To disable deprecation, use _CRT_SECURE_NO_WARNINGS. See online help for details.
C:\Users\mikumifa\source\repos\homework_数据结构\homework_数据结构\main.cpp(654,7): warning C4996: 'fopen': This function or variable may be unsafe. Consider using fopen_s instead. To disable deprecation, use _CRT_SECURE_NO_WARNINGS. See online help for details.
C:\Users\mikumifa\source\repos\homework_数据结构\homework_数据结构\main.cpp(665,2): warning C4996: 'scanf': This function or variable may be unsafe. Consider using scanf_s instead. To disable deprecation, use _CRT_SECURE_NO_WARNINGS. See online help for details.
C:\Users\mikumifa\source\repos\homework_数据结构\homework_数据结构\main.cpp(690,7): warning C4996: 'fopen': This function or variable may be unsafe. Consider using fopen_s instead. To disable deprecation, use _CRT_SECURE_NO_WARNINGS. See online help for details.
C:\Users\mikumifa\source\repos\homework_数据结构\homework_数据结构\main.cpp(701,2): warning C4996: 'scanf': This function or variable may be unsafe. Consider using scanf_s instead. To disable deprecation, use _CRT_SECURE_NO_WARNINGS. See online help for details.
C:\Users\mikumifa\source\repos\homework_数据结构\homework_数据结构\main.cpp(740,35): warning C4244: “+=”: 从“double”转换到“__int64”，可能丢失数据
C:\Users\mikumifa\source\repos\homework_数据结构\homework_数据结构\main.cpp(742,9): warning C4477: “printf”: 格式字符串“%d”需要类型“int”的参数，但可变参数 1 拥有了类型“__int64”
C:\Users\mikumifa\source\repos\homework_数据结构\homework_数据结构\main.cpp(742,9): message : 请考虑在格式字符串中使用“%lld”
C:\Users\mikumifa\source\repos\homework_数据结构\homework_数据结构\main.cpp(742,9): message : 请考虑在格式字符串中使用“%Id”
C:\Users\mikumifa\source\repos\homework_数据结构\homework_数据结构\main.cpp(742,9): message : 请考虑在格式字符串中使用“%I64d”
C:\Users\mikumifa\source\repos\homework_数据结构\homework_数据结构\main.cpp(727,7): warning C4996: 'fopen': This function or variable may be unsafe. Consider using fopen_s instead. To disable deprecation, use _CRT_SECURE_NO_WARNINGS. See online help for details.
C:\Users\mikumifa\source\repos\homework_数据结构\homework_数据结构\main.cpp(781,50): warning C4244: “+=”: 从“double”转换到“__int64”，可能丢失数据
C:\Users\mikumifa\source\repos\homework_数据结构\homework_数据结构\main.cpp(783,9): warning C4477: “printf”: 格式字符串“%d”需要类型“int”的参数，但可变参数 1 拥有了类型“__int64”
C:\Users\mikumifa\source\repos\homework_数据结构\homework_数据结构\main.cpp(783,9): message : 请考虑在格式字符串中使用“%lld”
C:\Users\mikumifa\source\repos\homework_数据结构\homework_数据结构\main.cpp(783,9): message : 请考虑在格式字符串中使用“%Id”
C:\Users\mikumifa\source\repos\homework_数据结构\homework_数据结构\main.cpp(783,9): message : 请考虑在格式字符串中使用“%I64d”
C:\Users\mikumifa\source\repos\homework_数据结构\homework_数据结构\main.cpp(757,8): warning C4996: 'fopen': This function or variable may be unsafe. Consider using fopen_s instead. To disable deprecation, use _CRT_SECURE_NO_WARNINGS. See online help for details.
C:\Users\mikumifa\source\repos\homework_数据结构\homework_数据结构\main.cpp(768,8): warning C4996: 'fopen': This function or variable may be unsafe. Consider using fopen_s instead. To disable deprecation, use _CRT_SECURE_NO_WARNINGS. See online help for details.
  homework_数据结构.vcxproj -> C:\Users\mikumifa\source\repos\homework_数据结构\x64\Debug\homework_数据结构.exe
