Performing C SOURCE FILE Test CMAKE_HAVE_LIBC_PTHREAD failed with the following output:
Change Dir: C:/Users/mikumifa/CLionProjects/line/cmake-build-visual-studio/CMakeFiles/CMakeScratch/TryCompile-453ztu

Run Build Command(s):C:/Program Files/JetBrains/CLion 2023.1.1/bin/ninja/win/x64/ninja.exe cmTC_35668 && [1/2] Building C object CMakeFiles\cmTC_35668.dir\src.c.obj
FAILED: CMakeFiles/cmTC_35668.dir/src.c.obj 
C:\PROGRA~2\MICROS~2\2019\COMMUN~1\VC\Tools\MSVC\1429~1.301\bin\Hostx86\x86\cl.exe  /nologo -DCMAKE_HAVE_LIBC_PTHREAD  /DWIN32 /D_WINDOWS  /Zi /Ob0 /Od /RTC1 -MDd -std:c11 /showIncludes /FoCMakeFiles\cmTC_35668.dir\src.c.obj /FdCMakeFiles\cmTC_35668.dir\ /FS -c C:\Users\mikumifa\CLionProjects\line\cmake-build-visual-studio\CMakeFiles\CMakeScratch\TryCompile-453ztu\src.c
C:\Users\mikumifa\CLionProjects\line\cmake-build-visual-studio\CMakeFiles\CMakeScratch\TryCompile-453ztu\src.c(1): fatal error C1083: 无法打开包括文件: “pthread.h”: No such file or directory
ninja: build stopped: subcommand failed.


Source file was:
#include <pthread.h>

static void* test_func(void* data)
{
  return data;
}

int main(void)
{
  pthread_t thread;
  pthread_create(&thread, NULL, test_func, NULL);
  pthread_detach(thread);
  pthread_cancel(thread);
  pthread_join(thread, NULL);
  pthread_atfork(NULL, NULL, NULL);
  pthread_exit(NULL);

  return 0;
}


Determining if the function pthread_create exists in the pthreads failed with the following output:
Change Dir: C:/Users/mikumifa/CLionProjects/line/cmake-build-visual-studio/CMakeFiles/CMakeScratch/TryCompile-6m37rk

Run Build Command(s):C:/Program Files/JetBrains/CLion 2023.1.1/bin/ninja/win/x64/ninja.exe cmTC_d57f9 && [1/2] Building C object CMakeFiles\cmTC_d57f9.dir\CheckFunctionExists.c.obj
[2/2] Linking C executable cmTC_d57f9.exe
FAILED: cmTC_d57f9.exe 
cmd.exe /C "cd . && "C:\Program Files\JetBrains\CLion 2023.1.1\bin\cmake\win\x64\bin\cmake.exe" -E vs_link_exe --intdir=CMakeFiles\cmTC_d57f9.dir --rc=C:\PROGRA~2\WI3CF2~1\10\bin\100190~1.0\x86\rc.exe --mt=C:\PROGRA~2\WI3CF2~1\10\bin\100190~1.0\x86\mt.exe --manifests  -- C:\PROGRA~2\MICROS~2\2019\COMMUN~1\VC\Tools\MSVC\1429~1.301\bin\Hostx86\x86\link.exe /nologo CMakeFiles\cmTC_d57f9.dir\CheckFunctionExists.c.obj  /out:cmTC_d57f9.exe /implib:cmTC_d57f9.lib /pdb:cmTC_d57f9.pdb /version:0.0 /machine:X86  /debug /INCREMENTAL /subsystem:console  pthreads.lib  kernel32.lib user32.lib gdi32.lib winspool.lib shell32.lib ole32.lib oleaut32.lib uuid.lib comdlg32.lib advapi32.lib && cd ."
LINK Pass 1: command "C:\PROGRA~2\MICROS~2\2019\COMMUN~1\VC\Tools\MSVC\1429~1.301\bin\Hostx86\x86\link.exe /nologo CMakeFiles\cmTC_d57f9.dir\CheckFunctionExists.c.obj /out:cmTC_d57f9.exe /implib:cmTC_d57f9.lib /pdb:cmTC_d57f9.pdb /version:0.0 /machine:X86 /debug /INCREMENTAL /subsystem:console pthreads.lib kernel32.lib user32.lib gdi32.lib winspool.lib shell32.lib ole32.lib oleaut32.lib uuid.lib comdlg32.lib advapi32.lib /MANIFEST /MANIFESTFILE:CMakeFiles\cmTC_d57f9.dir/intermediate.manifest CMakeFiles\cmTC_d57f9.dir/manifest.res" failed (exit code 1104) with the following output:
LINK : fatal error LNK1104: 无法打开文件“pthreads.lib”
ninja: build stopped: subcommand failed.



Determining if the function pthread_create exists in the pthread failed with the following output:
Change Dir: C:/Users/mikumifa/CLionProjects/line/cmake-build-visual-studio/CMakeFiles/CMakeScratch/TryCompile-otmwr9

Run Build Command(s):C:/Program Files/JetBrains/CLion 2023.1.1/bin/ninja/win/x64/ninja.exe cmTC_8ab84 && [1/2] Building C object CMakeFiles\cmTC_8ab84.dir\CheckFunctionExists.c.obj
[2/2] Linking C executable cmTC_8ab84.exe
FAILED: cmTC_8ab84.exe 
cmd.exe /C "cd . && "C:\Program Files\JetBrains\CLion 2023.1.1\bin\cmake\win\x64\bin\cmake.exe" -E vs_link_exe --intdir=CMakeFiles\cmTC_8ab84.dir --rc=C:\PROGRA~2\WI3CF2~1\10\bin\100190~1.0\x86\rc.exe --mt=C:\PROGRA~2\WI3CF2~1\10\bin\100190~1.0\x86\mt.exe --manifests  -- C:\PROGRA~2\MICROS~2\2019\COMMUN~1\VC\Tools\MSVC\1429~1.301\bin\Hostx86\x86\link.exe /nologo CMakeFiles\cmTC_8ab84.dir\CheckFunctionExists.c.obj  /out:cmTC_8ab84.exe /implib:cmTC_8ab84.lib /pdb:cmTC_8ab84.pdb /version:0.0 /machine:X86  /debug /INCREMENTAL /subsystem:console  pthread.lib  kernel32.lib user32.lib gdi32.lib winspool.lib shell32.lib ole32.lib oleaut32.lib uuid.lib comdlg32.lib advapi32.lib && cd ."
LINK Pass 1: command "C:\PROGRA~2\MICROS~2\2019\COMMUN~1\VC\Tools\MSVC\1429~1.301\bin\Hostx86\x86\link.exe /nologo CMakeFiles\cmTC_8ab84.dir\CheckFunctionExists.c.obj /out:cmTC_8ab84.exe /implib:cmTC_8ab84.lib /pdb:cmTC_8ab84.pdb /version:0.0 /machine:X86 /debug /INCREMENTAL /subsystem:console pthread.lib kernel32.lib user32.lib gdi32.lib winspool.lib shell32.lib ole32.lib oleaut32.lib uuid.lib comdlg32.lib advapi32.lib /MANIFEST /MANIFESTFILE:CMakeFiles\cmTC_8ab84.dir/intermediate.manifest CMakeFiles\cmTC_8ab84.dir/manifest.res" failed (exit code 1104) with the following output:
LINK : fatal error LNK1104: 无法打开文件“pthread.lib”
ninja: build stopped: subcommand failed.



